{"L":"INFO","T":"2025-05-30T13:32:04.655+0800","M":"服务将启动在端口","port":"8080"}
{"L":"INFO","T":"2025-05-30T17:24:23.020+0800","M":"Registered Route","Method":"GET","Path":"/parking/my-spots","Handler":"modules/internal/routes.setupAuthRoutes.func1"}
{"L":"INFO","T":"2025-05-30T17:24:23.020+0800","M":"Registered Route","Method":"GET","Path":"/parking/spots","Handler":"modules/internal/controllers.(*ParkingController).ListSpots-fm"}
{"L":"INFO","T":"2025-05-30T17:24:23.021+0800","M":"Registered Route","Method":"GET","Path":"/swagger/*any","Handler":"github.com/swaggo/gin-swagger.CustomWrapHandler.func1"}
{"L":"INFO","T":"2025-05-30T17:24:23.021+0800","M":"Registered Route","Method":"GET","Path":"/admin/stats","Handler":"modules/internal/controllers.(*AdminController).GetSystemStats-fm"}
{"L":"INFO","T":"2025-05-30T17:24:23.021+0800","M":"Registered Route","Method":"GET","Path":"/reports/daily","Handler":"modules/internal/controllers.(*ReportController).GetDailyReport-fm"}
{"L":"INFO","T":"2025-05-30T17:24:23.021+0800","M":"Registered Route","Method":"POST","Path":"/auth/register","Handler":"modules/internal/controllers.(*AuthController).Register-fm"}
{"L":"INFO","T":"2025-05-30T17:24:23.021+0800","M":"Registered Route","Method":"POST","Path":"/auth/login","Handler":"modules/internal/controllers.(*AuthController).UserLogin-fm"}
{"L":"INFO","T":"2025-05-30T17:24:23.021+0800","M":"Registered Route","Method":"POST","Path":"/admin/login","Handler":"modules/internal/controllers.(*AdminController).AdminLogin-fm"}
{"L":"INFO","T":"2025-05-30T17:24:23.021+0800","M":"Registered Route","Method":"POST","Path":"/admin/spots","Handler":"modules/internal/controllers.(*ParkingController).CreateSpot-fm"}
{"L":"INFO","T":"2025-05-30T17:24:23.021+0800","M":"Registered Route","Method":"POST","Path":"/parking/entry","Handler":"modules/internal/controllers.(*ParkingController).Entry-fm"}
{"L":"INFO","T":"2025-05-30T17:24:23.021+0800","M":"Registered Route","Method":"POST","Path":"/parking/exit/:id","Handler":"modules/internal/controllers.(*ParkingController).Exit-fm"}
{"L":"INFO","T":"2025-05-30T17:24:23.021+0800","M":"Registered Route","Method":"POST","Path":"/parking/rent","Handler":"modules/internal/controllers.(*VehicleController).PublishForRent-fm"}
{"L":"INFO","T":"2025-05-30T17:24:23.021+0800","M":"Registered Route","Method":"POST","Path":"/owner/purchase","Handler":"modules/internal/controllers.(*OwnerController).PurchaseSpot-fm"}
{"L":"INFO","T":"2025-05-30T17:24:23.021+0800","M":"Registered Route","Method":"POST","Path":"/owner/spots","Handler":"modules/internal/controllers.(*ParkingController).CreateSpot-fm"}
{"L":"INFO","T":"2025-05-30T17:24:23.022+0800","M":"Registered Route","Method":"POST","Path":"/vehicles","Handler":"modules/internal/controllers.(*VehicleController).BindVehicle-fm"}
{"L":"INFO","T":"2025-05-30T17:24:23.022+0800","M":"Registered Route","Method":"POST","Path":"/lease","Handler":"modules/internal/controllers.(*LeaseController).CreateLease-fm"}
{"L":"INFO","T":"2025-05-30T17:24:23.022+0800","M":"Registered Route","Method":"PUT","Path":"/admin/spots/:id/status","Handler":"modules/internal/controllers.(*AdminController).UpdateSpotStatus-fm"}
{"L":"INFO","T":"2025-05-30T17:24:23.022+0800","M":"服务将启动在端口","port":"8080"}
{"L":"INFO","T":"2025-05-30T17:28:05.509+0800","M":"Registered Route","Method":"GET","Path":"/parking/my-spots","Handler":"modules/internal/routes.setupAuthRoutes.func1"}
{"L":"INFO","T":"2025-05-30T17:28:05.509+0800","M":"Registered Route","Method":"GET","Path":"/parking/spots","Handler":"modules/internal/controllers.(*ParkingController).ListSpots-fm"}
{"L":"INFO","T":"2025-05-30T17:28:05.509+0800","M":"Registered Route","Method":"GET","Path":"/swagger/*any","Handler":"github.com/swaggo/gin-swagger.CustomWrapHandler.func1"}
{"L":"INFO","T":"2025-05-30T17:28:05.509+0800","M":"Registered Route","Method":"GET","Path":"/admin/stats","Handler":"modules/internal/controllers.(*AdminController).GetSystemStats-fm"}
{"L":"INFO","T":"2025-05-30T17:28:05.510+0800","M":"Registered Route","Method":"GET","Path":"/reports/daily","Handler":"modules/internal/controllers.(*ReportController).GetDailyReport-fm"}
{"L":"INFO","T":"2025-05-30T17:28:05.510+0800","M":"Registered Route","Method":"POST","Path":"/auth/register","Handler":"modules/internal/controllers.(*AuthController).Register-fm"}
{"L":"INFO","T":"2025-05-30T17:28:05.510+0800","M":"Registered Route","Method":"POST","Path":"/auth/login","Handler":"modules/internal/controllers.(*AuthController).UserLogin-fm"}
{"L":"INFO","T":"2025-05-30T17:28:05.510+0800","M":"Registered Route","Method":"POST","Path":"/admin/login","Handler":"modules/internal/controllers.(*AdminController).AdminLogin-fm"}
{"L":"INFO","T":"2025-05-30T17:28:05.510+0800","M":"Registered Route","Method":"POST","Path":"/admin/spots","Handler":"modules/internal/controllers.(*ParkingController).CreateSpot-fm"}
{"L":"INFO","T":"2025-05-30T17:28:05.510+0800","M":"Registered Route","Method":"POST","Path":"/parking/entry","Handler":"modules/internal/controllers.(*ParkingController).Entry-fm"}
{"L":"INFO","T":"2025-05-30T17:28:05.510+0800","M":"Registered Route","Method":"POST","Path":"/parking/exit/:id","Handler":"modules/internal/controllers.(*ParkingController).Exit-fm"}
{"L":"INFO","T":"2025-05-30T17:28:05.510+0800","M":"Registered Route","Method":"POST","Path":"/parking/rent","Handler":"modules/internal/controllers.(*VehicleController).PublishForRent-fm"}
{"L":"INFO","T":"2025-05-30T17:28:05.510+0800","M":"Registered Route","Method":"POST","Path":"/owner/purchase","Handler":"modules/internal/controllers.(*OwnerController).PurchaseSpot-fm"}
{"L":"INFO","T":"2025-05-30T17:28:05.510+0800","M":"Registered Route","Method":"POST","Path":"/owner/spots","Handler":"modules/internal/controllers.(*ParkingController).CreateSpot-fm"}
{"L":"INFO","T":"2025-05-30T17:28:05.510+0800","M":"Registered Route","Method":"POST","Path":"/vehicles","Handler":"modules/internal/controllers.(*VehicleController).BindVehicle-fm"}
{"L":"INFO","T":"2025-05-30T17:28:05.510+0800","M":"Registered Route","Method":"POST","Path":"/lease","Handler":"modules/internal/controllers.(*LeaseController).CreateLease-fm"}
{"L":"INFO","T":"2025-05-30T17:28:05.510+0800","M":"Registered Route","Method":"PUT","Path":"/admin/spots/:id/status","Handler":"modules/internal/controllers.(*AdminController).UpdateSpotStatus-fm"}
{"L":"INFO","T":"2025-05-30T17:28:05.511+0800","M":"服务将启动在端口","port":"8080"}
{"L":"ERROR","T":"2025-05-30T17:28:41.885+0800","M":"令牌解析失败","path":"/parking/my-spots","error":"token signature is invalid: signature is invalid"}
{"L":"ERROR","T":"2025-05-30T17:29:28.102+0800","M":"令牌解析失败","path":"/parking/my-spots","error":"token is malformed: could not base64 decode header: illegal base64 data at input byte 5"}
{"L":"ERROR","T":"2025-05-30T17:29:48.664+0800","M":"令牌解析失败","path":"/parking/my-spots","error":"token signature is invalid: signature is invalid"}
{"L":"INFO","T":"2025-05-30T17:32:44.596+0800","M":"Registered Route","Method":"GET","Path":"/parking/my-spots","Handler":"modules/internal/routes.setupAuthRoutes.func1"}
{"L":"INFO","T":"2025-05-30T17:32:44.596+0800","M":"Registered Route","Method":"GET","Path":"/parking/spots","Handler":"modules/internal/controllers.(*ParkingController).ListSpots-fm"}
{"L":"INFO","T":"2025-05-30T17:32:44.596+0800","M":"Registered Route","Method":"GET","Path":"/swagger/*any","Handler":"github.com/swaggo/gin-swagger.CustomWrapHandler.func1"}
{"L":"INFO","T":"2025-05-30T17:32:44.596+0800","M":"Registered Route","Method":"GET","Path":"/admin/stats","Handler":"modules/internal/controllers.(*AdminController).GetSystemStats-fm"}
{"L":"INFO","T":"2025-05-30T17:32:44.596+0800","M":"Registered Route","Method":"GET","Path":"/reports/daily","Handler":"modules/internal/controllers.(*ReportController).GetDailyReport-fm"}
{"L":"INFO","T":"2025-05-30T17:32:44.596+0800","M":"Registered Route","Method":"POST","Path":"/auth/register","Handler":"modules/internal/controllers.(*AuthController).Register-fm"}
{"L":"INFO","T":"2025-05-30T17:32:44.596+0800","M":"Registered Route","Method":"POST","Path":"/auth/login","Handler":"modules/internal/controllers.(*AuthController).UserLogin-fm"}
{"L":"INFO","T":"2025-05-30T17:32:44.596+0800","M":"Registered Route","Method":"POST","Path":"/admin/login","Handler":"modules/internal/controllers.(*AdminController).AdminLogin-fm"}
{"L":"INFO","T":"2025-05-30T17:32:44.596+0800","M":"Registered Route","Method":"POST","Path":"/admin/spots","Handler":"modules/internal/controllers.(*ParkingController).CreateSpot-fm"}
{"L":"INFO","T":"2025-05-30T17:32:44.596+0800","M":"Registered Route","Method":"POST","Path":"/parking/entry","Handler":"modules/internal/controllers.(*ParkingController).Entry-fm"}
{"L":"INFO","T":"2025-05-30T17:32:44.596+0800","M":"Registered Route","Method":"POST","Path":"/parking/exit/:id","Handler":"modules/internal/controllers.(*ParkingController).Exit-fm"}
{"L":"INFO","T":"2025-05-30T17:32:44.597+0800","M":"Registered Route","Method":"POST","Path":"/parking/rent","Handler":"modules/internal/controllers.(*VehicleController).PublishForRent-fm"}
{"L":"INFO","T":"2025-05-30T17:32:44.597+0800","M":"Registered Route","Method":"POST","Path":"/owner/purchase","Handler":"modules/internal/controllers.(*OwnerController).PurchaseSpot-fm"}
{"L":"INFO","T":"2025-05-30T17:32:44.597+0800","M":"Registered Route","Method":"POST","Path":"/owner/spots","Handler":"modules/internal/controllers.(*ParkingController).CreateSpot-fm"}
{"L":"INFO","T":"2025-05-30T17:32:44.597+0800","M":"Registered Route","Method":"POST","Path":"/vehicles","Handler":"modules/internal/controllers.(*VehicleController).BindVehicle-fm"}
{"L":"INFO","T":"2025-05-30T17:32:44.597+0800","M":"Registered Route","Method":"POST","Path":"/lease","Handler":"modules/internal/controllers.(*LeaseController).CreateLease-fm"}
{"L":"INFO","T":"2025-05-30T17:32:44.597+0800","M":"Registered Route","Method":"PUT","Path":"/admin/spots/:id/status","Handler":"modules/internal/controllers.(*AdminController).UpdateSpotStatus-fm"}
{"L":"INFO","T":"2025-05-30T17:32:44.598+0800","M":"服务将启动在端口","port":"8080"}
{"L":"ERROR","T":"2025-05-30T17:32:56.089+0800","M":"令牌解析失败","path":"/parking/my-spots","error":"token signature is invalid: signature is invalid"}
{"L":"INFO","T":"2025-05-30T17:35:33.621+0800","M":"Registered Route","Method":"GET","Path":"/parking/my-spots","Handler":"modules/internal/routes.setupAuthRoutes.func1"}
{"L":"INFO","T":"2025-05-30T17:35:33.621+0800","M":"Registered Route","Method":"GET","Path":"/parking/spots","Handler":"modules/internal/controllers.(*ParkingController).ListSpots-fm"}
{"L":"INFO","T":"2025-05-30T17:35:33.621+0800","M":"Registered Route","Method":"GET","Path":"/swagger/*any","Handler":"github.com/swaggo/gin-swagger.CustomWrapHandler.func1"}
{"L":"INFO","T":"2025-05-30T17:35:33.621+0800","M":"Registered Route","Method":"GET","Path":"/admin/stats","Handler":"modules/internal/controllers.(*AdminController).GetSystemStats-fm"}
{"L":"INFO","T":"2025-05-30T17:35:33.621+0800","M":"Registered Route","Method":"GET","Path":"/reports/daily","Handler":"modules/internal/controllers.(*ReportController).GetDailyReport-fm"}
{"L":"INFO","T":"2025-05-30T17:35:33.621+0800","M":"Registered Route","Method":"POST","Path":"/auth/register","Handler":"modules/internal/controllers.(*AuthController).Register-fm"}
{"L":"INFO","T":"2025-05-30T17:35:33.622+0800","M":"Registered Route","Method":"POST","Path":"/auth/login","Handler":"modules/internal/controllers.(*AuthController).UserLogin-fm"}
{"L":"INFO","T":"2025-05-30T17:35:33.622+0800","M":"Registered Route","Method":"POST","Path":"/admin/login","Handler":"modules/internal/controllers.(*AdminController).AdminLogin-fm"}
{"L":"INFO","T":"2025-05-30T17:35:33.622+0800","M":"Registered Route","Method":"POST","Path":"/admin/spots","Handler":"modules/internal/controllers.(*ParkingController).CreateSpot-fm"}
{"L":"INFO","T":"2025-05-30T17:35:33.622+0800","M":"Registered Route","Method":"POST","Path":"/parking/entry","Handler":"modules/internal/controllers.(*ParkingController).Entry-fm"}
{"L":"INFO","T":"2025-05-30T17:35:33.622+0800","M":"Registered Route","Method":"POST","Path":"/parking/exit/:id","Handler":"modules/internal/controllers.(*ParkingController).Exit-fm"}
{"L":"INFO","T":"2025-05-30T17:35:33.622+0800","M":"Registered Route","Method":"POST","Path":"/parking/rent","Handler":"modules/internal/controllers.(*VehicleController).PublishForRent-fm"}
{"L":"INFO","T":"2025-05-30T17:35:33.622+0800","M":"Registered Route","Method":"POST","Path":"/owner/purchase","Handler":"modules/internal/controllers.(*OwnerController).PurchaseSpot-fm"}
{"L":"INFO","T":"2025-05-30T17:35:33.622+0800","M":"Registered Route","Method":"POST","Path":"/owner/spots","Handler":"modules/internal/controllers.(*ParkingController).CreateSpot-fm"}
{"L":"INFO","T":"2025-05-30T17:35:33.622+0800","M":"Registered Route","Method":"POST","Path":"/vehicles","Handler":"modules/internal/controllers.(*VehicleController).BindVehicle-fm"}
{"L":"INFO","T":"2025-05-30T17:35:33.622+0800","M":"Registered Route","Method":"POST","Path":"/lease","Handler":"modules/internal/controllers.(*LeaseController).CreateLease-fm"}
{"L":"INFO","T":"2025-05-30T17:35:33.622+0800","M":"Registered Route","Method":"PUT","Path":"/admin/spots/:id/status","Handler":"modules/internal/controllers.(*AdminController).UpdateSpotStatus-fm"}
{"L":"INFO","T":"2025-05-30T17:35:33.623+0800","M":"服务将启动在端口","port":"8080"}
{"L":"ERROR","T":"2025-05-30T17:37:06.749+0800","M":"令牌解析失败","path":"/parking/my-spots","error":"token signature is invalid: signature is invalid"}
{"L":"ERROR","T":"2025-05-30T17:37:26.552+0800","M":"令牌解析失败","path":"/parking/my-spots","error":"token signature is invalid: signature is invalid"}
{"L":"INFO","T":"2025-05-30T17:40:04.419+0800","M":"Registered Route","Method":"GET","Path":"/parking/my-spots","Handler":"modules/internal/routes.setupAuthRoutes.func1"}
{"L":"INFO","T":"2025-05-30T17:40:04.419+0800","M":"Registered Route","Method":"GET","Path":"/parking/spots","Handler":"modules/internal/controllers.(*ParkingController).ListSpots-fm"}
{"L":"INFO","T":"2025-05-30T17:40:04.419+0800","M":"Registered Route","Method":"GET","Path":"/swagger/*any","Handler":"github.com/swaggo/gin-swagger.CustomWrapHandler.func1"}
{"L":"INFO","T":"2025-05-30T17:40:04.419+0800","M":"Registered Route","Method":"GET","Path":"/admin/stats","Handler":"modules/internal/controllers.(*AdminController).GetSystemStats-fm"}
{"L":"INFO","T":"2025-05-30T17:40:04.419+0800","M":"Registered Route","Method":"GET","Path":"/reports/daily","Handler":"modules/internal/controllers.(*ReportController).GetDailyReport-fm"}
{"L":"INFO","T":"2025-05-30T17:40:04.419+0800","M":"Registered Route","Method":"POST","Path":"/auth/register","Handler":"modules/internal/controllers.(*AuthController).Register-fm"}
{"L":"INFO","T":"2025-05-30T17:40:04.419+0800","M":"Registered Route","Method":"POST","Path":"/auth/login","Handler":"modules/internal/controllers.(*AuthController).UserLogin-fm"}
{"L":"INFO","T":"2025-05-30T17:40:04.419+0800","M":"Registered Route","Method":"POST","Path":"/admin/login","Handler":"modules/internal/controllers.(*AdminController).AdminLogin-fm"}
{"L":"INFO","T":"2025-05-30T17:40:04.419+0800","M":"Registered Route","Method":"POST","Path":"/admin/spots","Handler":"modules/internal/controllers.(*ParkingController).CreateSpot-fm"}
{"L":"INFO","T":"2025-05-30T17:40:04.419+0800","M":"Registered Route","Method":"POST","Path":"/parking/entry","Handler":"modules/internal/controllers.(*ParkingController).Entry-fm"}
{"L":"INFO","T":"2025-05-30T17:40:04.419+0800","M":"Registered Route","Method":"POST","Path":"/parking/exit/:id","Handler":"modules/internal/controllers.(*ParkingController).Exit-fm"}
{"L":"INFO","T":"2025-05-30T17:40:04.443+0800","M":"Registered Route","Method":"POST","Path":"/parking/rent","Handler":"modules/internal/controllers.(*VehicleController).PublishForRent-fm"}
{"L":"INFO","T":"2025-05-30T17:40:04.443+0800","M":"Registered Route","Method":"POST","Path":"/owner/purchase","Handler":"modules/internal/controllers.(*OwnerController).PurchaseSpot-fm"}
{"L":"INFO","T":"2025-05-30T17:40:04.443+0800","M":"Registered Route","Method":"POST","Path":"/owner/spots","Handler":"modules/internal/controllers.(*ParkingController).CreateSpot-fm"}
{"L":"INFO","T":"2025-05-30T17:40:04.443+0800","M":"Registered Route","Method":"POST","Path":"/vehicles","Handler":"modules/internal/controllers.(*VehicleController).BindVehicle-fm"}
{"L":"INFO","T":"2025-05-30T17:40:04.443+0800","M":"Registered Route","Method":"POST","Path":"/lease","Handler":"modules/internal/controllers.(*LeaseController).CreateLease-fm"}
{"L":"INFO","T":"2025-05-30T17:40:04.443+0800","M":"Registered Route","Method":"PUT","Path":"/admin/spots/:id/status","Handler":"modules/internal/controllers.(*AdminController).UpdateSpotStatus-fm"}
{"L":"INFO","T":"2025-05-30T17:40:04.444+0800","M":"服务将启动在端口","port":"8080"}
{"L":"ERROR","T":"2025-05-30T17:40:10.136+0800","M":"令牌解析失败","path":"/parking/my-spots","error":"token signature is invalid: signature is invalid"}
{"L":"ERROR","T":"2025-05-30T17:40:40.505+0800","M":"令牌解析失败","path":"/parking/my-spots","error":"token has invalid claims: token is expired"}
{"L":"ERROR","T":"2025-05-30T17:41:05.196+0800","M":"令牌解析失败","path":"/parking/spots","error":"token has invalid claims: token is expired"}
{"L":"INFO","T":"2025-05-30T17:54:24.650+0800","M":"Registered Route","Method":"GET","Path":"/parking/my-spots","Handler":"modules/internal/routes.setupAuthRoutes.func3"}
{"L":"INFO","T":"2025-05-30T17:54:24.650+0800","M":"Registered Route","Method":"GET","Path":"/parking/spots","Handler":"modules/internal/routes.setupAuthRoutes.func4"}
{"L":"INFO","T":"2025-05-30T17:54:24.650+0800","M":"Registered Route","Method":"GET","Path":"/swagger/*any","Handler":"github.com/swaggo/gin-swagger.CustomWrapHandler.func1"}
{"L":"INFO","T":"2025-05-30T17:54:24.650+0800","M":"Registered Route","Method":"GET","Path":"/admin/stats","Handler":"modules/internal/controllers.(*AdminController).GetSystemStats-fm"}
{"L":"INFO","T":"2025-05-30T17:54:24.650+0800","M":"Registered Route","Method":"GET","Path":"/reports/daily","Handler":"modules/internal/controllers.(*ReportController).GetDailyReport-fm"}
{"L":"INFO","T":"2025-05-30T17:54:24.650+0800","M":"Registered Route","Method":"POST","Path":"/auth/register","Handler":"modules/internal/controllers.(*AuthController).Register-fm"}
{"L":"INFO","T":"2025-05-30T17:54:24.650+0800","M":"Registered Route","Method":"POST","Path":"/auth/login","Handler":"modules/internal/controllers.(*AuthController).UserLogin-fm"}
{"L":"INFO","T":"2025-05-30T17:54:24.650+0800","M":"Registered Route","Method":"POST","Path":"/admin/login","Handler":"modules/internal/controllers.(*AdminController).AdminLogin-fm"}
{"L":"INFO","T":"2025-05-30T17:54:24.650+0800","M":"Registered Route","Method":"POST","Path":"/admin/spots","Handler":"modules/internal/controllers.(*ParkingController).CreateSpot-fm"}
{"L":"INFO","T":"2025-05-30T17:54:24.650+0800","M":"Registered Route","Method":"POST","Path":"/parking/entry","Handler":"modules/internal/routes.setupAuthRoutes.func5"}
{"L":"INFO","T":"2025-05-30T17:54:24.650+0800","M":"Registered Route","Method":"POST","Path":"/parking/exit/:id","Handler":"modules/internal/routes.setupAuthRoutes.func6"}
{"L":"INFO","T":"2025-05-30T17:54:24.650+0800","M":"Registered Route","Method":"POST","Path":"/parking/rent","Handler":"modules/internal/routes.setupAuthRoutes.func7"}
{"L":"INFO","T":"2025-05-30T17:54:24.651+0800","M":"Registered Route","Method":"POST","Path":"/owner/purchase","Handler":"modules/internal/routes.setupAuthRoutes.func8"}
{"L":"INFO","T":"2025-05-30T17:54:24.651+0800","M":"Registered Route","Method":"POST","Path":"/owner/spots","Handler":"modules/internal/routes.setupAuthRoutes.func9"}
{"L":"INFO","T":"2025-05-30T17:54:24.651+0800","M":"Registered Route","Method":"POST","Path":"/vehicles","Handler":"modules/internal/routes.setupAuthRoutes.func1"}
{"L":"INFO","T":"2025-05-30T17:54:24.651+0800","M":"Registered Route","Method":"POST","Path":"/lease","Handler":"modules/internal/routes.setupAuthRoutes.func2"}
{"L":"INFO","T":"2025-05-30T17:54:24.651+0800","M":"Registered Route","Method":"PUT","Path":"/admin/spots/:id/status","Handler":"modules/internal/controllers.(*AdminController).UpdateSpotStatus-fm"}
{"L":"INFO","T":"2025-05-30T17:54:24.652+0800","M":"服务将启动在端口","port":"8080"}
{"L":"INFO","T":"2025-05-30T18:03:45.707+0800","M":"Registered Route","Method":"GET","Path":"/parking/my-spots","Handler":"modules/internal/routes.setupAuthRoutes.func3"}
{"L":"INFO","T":"2025-05-30T18:03:45.707+0800","M":"Registered Route","Method":"GET","Path":"/parking/spots","Handler":"modules/internal/routes.setupAuthRoutes.func4"}
{"L":"INFO","T":"2025-05-30T18:03:45.707+0800","M":"Registered Route","Method":"GET","Path":"/swagger/*any","Handler":"github.com/swaggo/gin-swagger.CustomWrapHandler.func1"}
{"L":"INFO","T":"2025-05-30T18:03:45.707+0800","M":"Registered Route","Method":"GET","Path":"/admin/stats","Handler":"modules/internal/controllers.(*AdminController).GetSystemStats-fm"}
{"L":"INFO","T":"2025-05-30T18:03:45.707+0800","M":"Registered Route","Method":"GET","Path":"/reports/daily","Handler":"modules/internal/controllers.(*ReportController).GetDailyReport-fm"}
{"L":"INFO","T":"2025-05-30T18:03:45.707+0800","M":"Registered Route","Method":"POST","Path":"/auth/register","Handler":"modules/internal/controllers.(*AuthController).Register-fm"}
{"L":"INFO","T":"2025-05-30T18:03:45.707+0800","M":"Registered Route","Method":"POST","Path":"/auth/login","Handler":"modules/internal/controllers.(*AuthController).UserLogin-fm"}
{"L":"INFO","T":"2025-05-30T18:03:45.708+0800","M":"Registered Route","Method":"POST","Path":"/admin/login","Handler":"modules/internal/controllers.(*AdminController).AdminLogin-fm"}
{"L":"INFO","T":"2025-05-30T18:03:45.708+0800","M":"Registered Route","Method":"POST","Path":"/admin/spots","Handler":"modules/internal/controllers.(*ParkingController).CreateSpot-fm"}
{"L":"INFO","T":"2025-05-30T18:03:45.708+0800","M":"Registered Route","Method":"POST","Path":"/parking/entry","Handler":"modules/internal/routes.setupAuthRoutes.func5"}
{"L":"INFO","T":"2025-05-30T18:03:45.708+0800","M":"Registered Route","Method":"POST","Path":"/parking/exit/:id","Handler":"modules/internal/routes.setupAuthRoutes.func6"}
{"L":"INFO","T":"2025-05-30T18:03:45.708+0800","M":"Registered Route","Method":"POST","Path":"/parking/rent","Handler":"modules/internal/routes.setupAuthRoutes.func7"}
{"L":"INFO","T":"2025-05-30T18:03:45.708+0800","M":"Registered Route","Method":"POST","Path":"/owner/purchase","Handler":"modules/internal/routes.setupAuthRoutes.func8"}
{"L":"INFO","T":"2025-05-30T18:03:45.708+0800","M":"Registered Route","Method":"POST","Path":"/owner/spots","Handler":"modules/internal/routes.setupAuthRoutes.func9"}
{"L":"INFO","T":"2025-05-30T18:03:45.708+0800","M":"Registered Route","Method":"POST","Path":"/vehicles","Handler":"modules/internal/routes.setupAuthRoutes.func1"}
{"L":"INFO","T":"2025-05-30T18:03:45.708+0800","M":"Registered Route","Method":"POST","Path":"/lease","Handler":"modules/internal/routes.setupAuthRoutes.func2"}
{"L":"INFO","T":"2025-05-30T18:03:45.708+0800","M":"Registered Route","Method":"PUT","Path":"/admin/spots/:id/status","Handler":"modules/internal/controllers.(*AdminController).UpdateSpotStatus-fm"}
{"L":"INFO","T":"2025-05-30T18:03:45.709+0800","M":"服务将启动在端口","port":"8080"}
{"L":"INFO","T":"2025-05-30T18:27:24.115+0800","M":"Registered Route","Method":"GET","Path":"/parking/my-spots","Handler":"modules/internal/routes.setupAuthRoutes.func3"}
{"L":"INFO","T":"2025-05-30T18:27:24.115+0800","M":"Registered Route","Method":"GET","Path":"/parking/spots","Handler":"modules/internal/routes.setupAuthRoutes.func4"}
{"L":"INFO","T":"2025-05-30T18:27:24.115+0800","M":"Registered Route","Method":"GET","Path":"/swagger/*any","Handler":"github.com/swaggo/gin-swagger.CustomWrapHandler.func1"}
{"L":"INFO","T":"2025-05-30T18:27:24.115+0800","M":"Registered Route","Method":"GET","Path":"/reports/daily","Handler":"modules/internal/controllers.(*ReportController).GetDailyReport-fm"}
{"L":"INFO","T":"2025-05-30T18:27:24.115+0800","M":"Registered Route","Method":"POST","Path":"/parking/entry","Handler":"modules/internal/routes.setupAuthRoutes.func5"}
{"L":"INFO","T":"2025-05-30T18:27:24.115+0800","M":"Registered Route","Method":"POST","Path":"/parking/exit/:id","Handler":"modules/internal/routes.setupAuthRoutes.func6"}
{"L":"INFO","T":"2025-05-30T18:27:24.115+0800","M":"Registered Route","Method":"POST","Path":"/parking/rent","Handler":"modules/internal/routes.setupAuthRoutes.func7"}
{"L":"INFO","T":"2025-05-30T18:27:24.115+0800","M":"Registered Route","Method":"POST","Path":"/auth/register","Handler":"modules/internal/controllers.(*AuthController).Register-fm"}
{"L":"INFO","T":"2025-05-30T18:27:24.115+0800","M":"Registered Route","Method":"POST","Path":"/auth/login","Handler":"modules/internal/controllers.(*AuthController).UserLogin-fm"}
{"L":"INFO","T":"2025-05-30T18:27:24.115+0800","M":"Registered Route","Method":"POST","Path":"/owner/purchase","Handler":"modules/internal/routes.setupAuthRoutes.func8"}
{"L":"INFO","T":"2025-05-30T18:27:24.116+0800","M":"Registered Route","Method":"POST","Path":"/owner/spots","Handler":"modules/internal/routes.setupAuthRoutes.func9"}
{"L":"INFO","T":"2025-05-30T18:27:24.116+0800","M":"Registered Route","Method":"POST","Path":"/vehicles","Handler":"modules/internal/routes.setupAuthRoutes.func1"}
{"L":"INFO","T":"2025-05-30T18:27:24.116+0800","M":"Registered Route","Method":"POST","Path":"/lease","Handler":"modules/internal/routes.setupAuthRoutes.func2"}
{"L":"INFO","T":"2025-05-30T18:27:24.116+0800","M":"服务将启动在端口","port":"8080"}
{"L":"INFO","T":"2025-05-30T18:34:32.432+0800","M":"Registered Route","Method":"GET","Path":"/parking/my-spots","Handler":"modules/internal/routes.setupAuthRoutes.func3"}
{"L":"INFO","T":"2025-05-30T18:34:32.432+0800","M":"Registered Route","Method":"GET","Path":"/parking/spots","Handler":"modules/internal/routes.setupAuthRoutes.func4"}
{"L":"INFO","T":"2025-05-30T18:34:32.433+0800","M":"Registered Route","Method":"GET","Path":"/swagger/*any","Handler":"github.com/swaggo/gin-swagger.CustomWrapHandler.func1"}
{"L":"INFO","T":"2025-05-30T18:34:32.433+0800","M":"Registered Route","Method":"GET","Path":"/reports/daily","Handler":"modules/internal/controllers.(*ReportController).GetDailyReport-fm"}
{"L":"INFO","T":"2025-05-30T18:34:32.433+0800","M":"Registered Route","Method":"POST","Path":"/parking/entry","Handler":"modules/internal/routes.setupAuthRoutes.func5"}
{"L":"INFO","T":"2025-05-30T18:34:32.433+0800","M":"Registered Route","Method":"POST","Path":"/parking/exit/:id","Handler":"modules/internal/routes.setupAuthRoutes.func6"}
{"L":"INFO","T":"2025-05-30T18:34:32.433+0800","M":"Registered Route","Method":"POST","Path":"/parking/rent","Handler":"modules/internal/routes.setupAuthRoutes.func7"}
{"L":"INFO","T":"2025-05-30T18:34:32.433+0800","M":"Registered Route","Method":"POST","Path":"/auth/register","Handler":"modules/internal/controllers.(*AuthController).Register-fm"}
{"L":"INFO","T":"2025-05-30T18:34:32.433+0800","M":"Registered Route","Method":"POST","Path":"/auth/login","Handler":"modules/internal/controllers.(*AuthController).UserLogin-fm"}
{"L":"INFO","T":"2025-05-30T18:34:32.433+0800","M":"Registered Route","Method":"POST","Path":"/owner/purchase","Handler":"modules/internal/routes.setupAuthRoutes.func8"}
{"L":"INFO","T":"2025-05-30T18:34:32.433+0800","M":"Registered Route","Method":"POST","Path":"/owner/spots","Handler":"modules/internal/routes.setupAuthRoutes.func9"}
{"L":"INFO","T":"2025-05-30T18:34:32.433+0800","M":"Registered Route","Method":"POST","Path":"/vehicles","Handler":"modules/internal/routes.setupAuthRoutes.func1"}
{"L":"INFO","T":"2025-05-30T18:34:32.433+0800","M":"Registered Route","Method":"POST","Path":"/lease","Handler":"modules/internal/routes.setupAuthRoutes.func2"}
{"L":"INFO","T":"2025-05-30T18:34:32.435+0800","M":"服务将启动在端口","port":"8080"}
{"L":"INFO","T":"2025-05-30T18:43:29.345+0800","M":"Registered Route","Method":"GET","Path":"/parking/my-spots","Handler":"modules/internal/routes.setupAuthRoutes.func3"}
{"L":"INFO","T":"2025-05-30T18:43:29.345+0800","M":"Registered Route","Method":"GET","Path":"/parking/spots","Handler":"modules/internal/routes.setupAuthRoutes.func4"}
{"L":"INFO","T":"2025-05-30T18:43:29.345+0800","M":"Registered Route","Method":"GET","Path":"/swagger/*any","Handler":"github.com/swaggo/gin-swagger.CustomWrapHandler.func1"}
{"L":"INFO","T":"2025-05-30T18:43:29.345+0800","M":"Registered Route","Method":"GET","Path":"/reports/daily","Handler":"modules/internal/controllers.(*ReportController).GetDailyReport-fm"}
{"L":"INFO","T":"2025-05-30T18:43:29.345+0800","M":"Registered Route","Method":"POST","Path":"/parking/entry","Handler":"modules/internal/routes.setupAuthRoutes.func5"}
{"L":"INFO","T":"2025-05-30T18:43:29.345+0800","M":"Registered Route","Method":"POST","Path":"/parking/exit/:id","Handler":"modules/internal/routes.setupAuthRoutes.func6"}
{"L":"INFO","T":"2025-05-30T18:43:29.346+0800","M":"Registered Route","Method":"POST","Path":"/parking/rent","Handler":"modules/internal/routes.setupAuthRoutes.func7"}
{"L":"INFO","T":"2025-05-30T18:43:29.346+0800","M":"Registered Route","Method":"POST","Path":"/auth/register","Handler":"modules/internal/controllers.(*AuthController).Register-fm"}
{"L":"INFO","T":"2025-05-30T18:43:29.346+0800","M":"Registered Route","Method":"POST","Path":"/auth/login","Handler":"modules/internal/controllers.(*AuthController).UserLogin-fm"}
{"L":"INFO","T":"2025-05-30T18:43:29.346+0800","M":"Registered Route","Method":"POST","Path":"/owner/purchase","Handler":"modules/internal/routes.setupAuthRoutes.func8"}
{"L":"INFO","T":"2025-05-30T18:43:29.346+0800","M":"Registered Route","Method":"POST","Path":"/owner/spots","Handler":"modules/internal/routes.setupAuthRoutes.func9"}
{"L":"INFO","T":"2025-05-30T18:43:29.346+0800","M":"Registered Route","Method":"POST","Path":"/vehicles","Handler":"modules/internal/routes.setupAuthRoutes.func1"}
{"L":"INFO","T":"2025-05-30T18:43:29.346+0800","M":"Registered Route","Method":"POST","Path":"/lease","Handler":"modules/internal/routes.setupAuthRoutes.func2"}
{"L":"INFO","T":"2025-05-30T18:43:29.346+0800","M":"服务将启动在端口","port":"8080"}
{"L":"INFO","T":"2025-05-30T21:59:22.259+0800","M":"Registered Route","Method":"GET","Path":"/parking/my-spots","Handler":"modules/internal/controllers.(*ParkingController).GetUserSpots-fm"}
{"L":"INFO","T":"2025-05-30T21:59:22.259+0800","M":"Registered Route","Method":"GET","Path":"/parking/spots","Handler":"modules/internal/controllers.(*ParkingController).ListSpots-fm"}
{"L":"INFO","T":"2025-05-30T21:59:22.259+0800","M":"Registered Route","Method":"GET","Path":"/swagger/*any","Handler":"github.com/swaggo/gin-swagger.CustomWrapHandler.func1"}
{"L":"INFO","T":"2025-05-30T21:59:22.259+0800","M":"Registered Route","Method":"GET","Path":"/reports/daily","Handler":"modules/internal/controllers.(*ReportController).GetDailyReport-fm"}
{"L":"INFO","T":"2025-05-30T21:59:22.259+0800","M":"Registered Route","Method":"POST","Path":"/parking/entry","Handler":"modules/internal/controllers.(*ParkingController).Entry-fm"}
{"L":"INFO","T":"2025-05-30T21:59:22.260+0800","M":"Registered Route","Method":"POST","Path":"/parking/exit/:id","Handler":"modules/internal/controllers.(*ParkingController).Exit-fm"}
{"L":"INFO","T":"2025-05-30T21:59:22.260+0800","M":"Registered Route","Method":"POST","Path":"/parking/rent","Handler":"modules/internal/controllers.(*VehicleController).PublishForRent-fm"}
{"L":"INFO","T":"2025-05-30T21:59:22.260+0800","M":"Registered Route","Method":"POST","Path":"/auth/register","Handler":"modules/internal/controllers.(*AuthController).Register-fm"}
{"L":"INFO","T":"2025-05-30T21:59:22.260+0800","M":"Registered Route","Method":"POST","Path":"/auth/login","Handler":"modules/internal/controllers.(*AuthController).UserLogin-fm"}
{"L":"INFO","T":"2025-05-30T21:59:22.260+0800","M":"Registered Route","Method":"POST","Path":"/owner/purchase","Handler":"modules/internal/controllers.(*OwnerController).PurchaseSpot-fm"}
{"L":"INFO","T":"2025-05-30T21:59:22.260+0800","M":"Registered Route","Method":"POST","Path":"/owner/spots","Handler":"modules/internal/controllers.(*ParkingController).CreateSpot-fm"}
{"L":"INFO","T":"2025-05-30T21:59:22.261+0800","M":"Registered Route","Method":"POST","Path":"/vehicles","Handler":"modules/internal/controllers.(*VehicleController).BindVehicle-fm"}
{"L":"INFO","T":"2025-05-30T21:59:22.261+0800","M":"Registered Route","Method":"POST","Path":"/lease","Handler":"modules/internal/controllers.(*LeaseController).CreateLease-fm"}
{"L":"INFO","T":"2025-05-30T21:59:22.261+0800","M":"服务将启动在端口","port":"8080"}
{"level":"info","time":"2025-05-31T00:31:29.334+0800","caller":"api/main.go:106","msg":"Registered Route","Method":"GET","Path":"/parking/my-spots","Handler":"modules/internal/controllers.(*ParkingController).GetUserSpots-fm"}
{"level":"info","time":"2025-05-31T00:31:29.334+0800","caller":"api/main.go:106","msg":"Registered Route","Method":"GET","Path":"/parking/spots","Handler":"modules/internal/controllers.(*ParkingController).ListSpots-fm"}
{"level":"info","time":"2025-05-31T00:31:29.334+0800","caller":"api/main.go:106","msg":"Registered Route","Method":"GET","Path":"/swagger/*any","Handler":"github.com/swaggo/gin-swagger.CustomWrapHandler.func1"}
{"level":"info","time":"2025-05-31T00:31:29.334+0800","caller":"api/main.go:106","msg":"Registered Route","Method":"GET","Path":"/reports/daily","Handler":"modules/internal/controllers.(*ReportController).GetDailyReport-fm"}
{"level":"info","time":"2025-05-31T00:31:29.335+0800","caller":"api/main.go:106","msg":"Registered Route","Method":"POST","Path":"/auth/register","Handler":"modules/internal/controllers.(*AuthController).Register-fm"}
{"level":"info","time":"2025-05-31T00:31:29.335+0800","caller":"api/main.go:106","msg":"Registered Route","Method":"POST","Path":"/auth/login","Handler":"modules/internal/controllers.(*AuthController).UserLogin-fm"}
{"level":"info","time":"2025-05-31T00:31:29.335+0800","caller":"api/main.go:106","msg":"Registered Route","Method":"POST","Path":"/admin/login","Handler":"modules/internal/controllers.(*AdminController).AdminLogin-fm"}
{"level":"info","time":"2025-05-31T00:31:29.335+0800","caller":"api/main.go:106","msg":"Registered Route","Method":"POST","Path":"/parking/entry","Handler":"modules/internal/controllers.(*ParkingController).Entry-fm"}
{"level":"info","time":"2025-05-31T00:31:29.335+0800","caller":"api/main.go:106","msg":"Registered Route","Method":"POST","Path":"/parking/exit/:id","Handler":"modules/internal/controllers.(*ParkingController).Exit-fm"}
{"level":"info","time":"2025-05-31T00:31:29.335+0800","caller":"api/main.go:106","msg":"Registered Route","Method":"POST","Path":"/parking/rent","Handler":"modules/internal/controllers.(*VehicleController).PublishForRent-fm"}
{"level":"info","time":"2025-05-31T00:31:29.335+0800","caller":"api/main.go:106","msg":"Registered Route","Method":"POST","Path":"/owner/purchase","Handler":"modules/internal/controllers.(*OwnerController).PurchaseSpot-fm"}
{"level":"info","time":"2025-05-31T00:31:29.335+0800","caller":"api/main.go:106","msg":"Registered Route","Method":"POST","Path":"/owner/spots","Handler":"modules/internal/controllers.(*ParkingController).CreateSpot-fm"}
{"level":"info","time":"2025-05-31T00:31:29.335+0800","caller":"api/main.go:106","msg":"Registered Route","Method":"POST","Path":"/vehicles","Handler":"modules/internal/controllers.(*VehicleController).BindVehicle-fm"}
{"level":"info","time":"2025-05-31T00:31:29.335+0800","caller":"api/main.go:106","msg":"Registered Route","Method":"POST","Path":"/lease","Handler":"modules/internal/controllers.(*LeaseController).CreateLease-fm"}
{"level":"info","time":"2025-05-31T00:31:29.335+0800","caller":"api/main.go:123","msg":"服务将启动在端口","port":"8080"}
{"level":"info","time":"2025-05-31T00:37:03.775+0800","caller":"api/main.go:106","msg":"Registered Route","Method":"GET","Path":"/parking/my-spots","Handler":"modules/internal/controllers.(*ParkingController).GetUserSpots-fm"}
{"level":"info","time":"2025-05-31T00:37:03.775+0800","caller":"api/main.go:106","msg":"Registered Route","Method":"GET","Path":"/parking/spots","Handler":"modules/internal/controllers.(*ParkingController).ListSpots-fm"}
{"level":"info","time":"2025-05-31T00:37:03.775+0800","caller":"api/main.go:106","msg":"Registered Route","Method":"GET","Path":"/swagger/*any","Handler":"github.com/swaggo/gin-swagger.CustomWrapHandler.func1"}
{"level":"info","time":"2025-05-31T00:37:03.775+0800","caller":"api/main.go:106","msg":"Registered Route","Method":"GET","Path":"/reports/daily","Handler":"modules/internal/controllers.(*ReportController).GetDailyReport-fm"}
{"level":"info","time":"2025-05-31T00:37:03.775+0800","caller":"api/main.go:106","msg":"Registered Route","Method":"POST","Path":"/auth/register","Handler":"modules/internal/controllers.(*AuthController).Register-fm"}
{"level":"info","time":"2025-05-31T00:37:03.776+0800","caller":"api/main.go:106","msg":"Registered Route","Method":"POST","Path":"/auth/login","Handler":"modules/internal/controllers.(*AuthController).UserLogin-fm"}
{"level":"info","time":"2025-05-31T00:37:03.776+0800","caller":"api/main.go:106","msg":"Registered Route","Method":"POST","Path":"/admin/login","Handler":"modules/internal/controllers.(*AdminController).AdminLogin-fm"}
{"level":"info","time":"2025-05-31T00:37:03.776+0800","caller":"api/main.go:106","msg":"Registered Route","Method":"POST","Path":"/parking/entry","Handler":"modules/internal/controllers.(*ParkingController).Entry-fm"}
{"level":"info","time":"2025-05-31T00:37:03.776+0800","caller":"api/main.go:106","msg":"Registered Route","Method":"POST","Path":"/parking/exit/:id","Handler":"modules/internal/controllers.(*ParkingController).Exit-fm"}
{"level":"info","time":"2025-05-31T00:37:03.776+0800","caller":"api/main.go:106","msg":"Registered Route","Method":"POST","Path":"/parking/rent","Handler":"modules/internal/controllers.(*VehicleController).PublishForRent-fm"}
{"level":"info","time":"2025-05-31T00:37:03.776+0800","caller":"api/main.go:106","msg":"Registered Route","Method":"POST","Path":"/owner/purchase","Handler":"modules/internal/controllers.(*OwnerController).PurchaseSpot-fm"}
{"level":"info","time":"2025-05-31T00:37:03.776+0800","caller":"api/main.go:106","msg":"Registered Route","Method":"POST","Path":"/owner/spots","Handler":"modules/internal/controllers.(*ParkingController).CreateSpot-fm"}
{"level":"info","time":"2025-05-31T00:37:03.776+0800","caller":"api/main.go:106","msg":"Registered Route","Method":"POST","Path":"/vehicles","Handler":"modules/internal/controllers.(*VehicleController).BindVehicle-fm"}
{"level":"info","time":"2025-05-31T00:37:03.776+0800","caller":"api/main.go:106","msg":"Registered Route","Method":"POST","Path":"/lease","Handler":"modules/internal/controllers.(*LeaseController).CreateLease-fm"}
{"level":"info","time":"2025-05-31T00:37:03.777+0800","caller":"api/main.go:123","msg":"服务将启动在端口","port":"8080"}
{"level":"info","time":"2025-05-31T00:44:37.739+0800","caller":"api/main.go:102","msg":"Registered Route","Method":"GET","Path":"/parking/my-spots","Handler":"modules/internal/controllers.(*ParkingController).GetUserSpots-fm"}
{"level":"info","time":"2025-05-31T00:44:37.739+0800","caller":"api/main.go:102","msg":"Registered Route","Method":"GET","Path":"/parking/spots","Handler":"modules/internal/controllers.(*ParkingController).ListSpots-fm"}
{"level":"info","time":"2025-05-31T00:44:37.739+0800","caller":"api/main.go:102","msg":"Registered Route","Method":"GET","Path":"/swagger/*any","Handler":"github.com/swaggo/gin-swagger.CustomWrapHandler.func1"}
{"level":"info","time":"2025-05-31T00:44:37.739+0800","caller":"api/main.go:102","msg":"Registered Route","Method":"GET","Path":"/reports/daily","Handler":"modules/internal/controllers.(*ReportController).GetDailyReport-fm"}
{"level":"info","time":"2025-05-31T00:44:37.740+0800","caller":"api/main.go:102","msg":"Registered Route","Method":"POST","Path":"/auth/register","Handler":"modules/internal/controllers.(*AuthController).Register-fm"}
{"level":"info","time":"2025-05-31T00:44:37.740+0800","caller":"api/main.go:102","msg":"Registered Route","Method":"POST","Path":"/auth/login","Handler":"modules/internal/controllers.(*AuthController).UserLogin-fm"}
{"level":"info","time":"2025-05-31T00:44:37.740+0800","caller":"api/main.go:102","msg":"Registered Route","Method":"POST","Path":"/admin/login","Handler":"modules/internal/controllers.(*AdminController).AdminLogin-fm"}
{"level":"info","time":"2025-05-31T00:44:37.740+0800","caller":"api/main.go:102","msg":"Registered Route","Method":"POST","Path":"/parking/entry","Handler":"modules/internal/controllers.(*ParkingController).Entry-fm"}
{"level":"info","time":"2025-05-31T00:44:37.740+0800","caller":"api/main.go:102","msg":"Registered Route","Method":"POST","Path":"/parking/exit/:id","Handler":"modules/internal/controllers.(*ParkingController).Exit-fm"}
{"level":"info","time":"2025-05-31T00:44:37.740+0800","caller":"api/main.go:102","msg":"Registered Route","Method":"POST","Path":"/parking/rent","Handler":"modules/internal/controllers.(*VehicleController).PublishForRent-fm"}
{"level":"info","time":"2025-05-31T00:44:37.740+0800","caller":"api/main.go:102","msg":"Registered Route","Method":"POST","Path":"/owner/purchase","Handler":"modules/internal/controllers.(*OwnerController).PurchaseSpot-fm"}
{"level":"info","time":"2025-05-31T00:44:37.740+0800","caller":"api/main.go:102","msg":"Registered Route","Method":"POST","Path":"/owner/spots","Handler":"modules/internal/controllers.(*ParkingController).CreateSpot-fm"}
{"level":"info","time":"2025-05-31T00:44:37.740+0800","caller":"api/main.go:102","msg":"Registered Route","Method":"POST","Path":"/vehicles","Handler":"modules/internal/controllers.(*VehicleController).BindVehicle-fm"}
{"level":"info","time":"2025-05-31T00:44:37.740+0800","caller":"api/main.go:102","msg":"Registered Route","Method":"POST","Path":"/lease","Handler":"modules/internal/controllers.(*LeaseController).CreateLease-fm"}
{"level":"info","time":"2025-05-31T00:44:37.741+0800","caller":"api/main.go:119","msg":"服务将启动在端口","port":"8080"}
{"level":"info","ts":1748625799.7447593,"caller":"api/main.go:105","msg":"Registered Route","Method":"GET","Path":"/parking/my-spots","Handler":"modules/internal/controllers.(*ParkingController).GetUserSpots-fm"}
{"level":"info","time":"2025-05-31T01:23:19.744+0800","caller":"api/main.go:105","msg":"Registered Route","Method":"GET","Path":"/parking/my-spots","Handler":"modules/internal/controllers.(*ParkingController).GetUserSpots-fm"}
{"level":"info","ts":1748625799.7458894,"caller":"api/main.go:105","msg":"Registered Route","Method":"GET","Path":"/parking/spots","Handler":"modules/internal/controllers.(*ParkingController).ListSpots-fm"}
{"level":"info","time":"2025-05-31T01:23:19.745+0800","caller":"api/main.go:105","msg":"Registered Route","Method":"GET","Path":"/parking/spots","Handler":"modules/internal/controllers.(*ParkingController).ListSpots-fm"}
{"level":"info","ts":1748625799.7458894,"caller":"api/main.go:105","msg":"Registered Route","Method":"GET","Path":"/swagger/*any","Handler":"github.com/swaggo/gin-swagger.CustomWrapHandler.func1"}
{"level":"info","time":"2025-05-31T01:23:19.745+0800","caller":"api/main.go:105","msg":"Registered Route","Method":"GET","Path":"/swagger/*any","Handler":"github.com/swaggo/gin-swagger.CustomWrapHandler.func1"}
{"level":"info","ts":1748625799.7458894,"caller":"api/main.go:105","msg":"Registered Route","Method":"GET","Path":"/reports/daily","Handler":"modules/internal/controllers.(*ReportController).GetDailyReport-fm"}
{"level":"info","time":"2025-05-31T01:23:19.745+0800","caller":"api/main.go:105","msg":"Registered Route","Method":"GET","Path":"/reports/daily","Handler":"modules/internal/controllers.(*ReportController).GetDailyReport-fm"}
{"level":"info","ts":1748625799.7458894,"caller":"api/main.go:105","msg":"Registered Route","Method":"POST","Path":"/auth/register","Handler":"modules/internal/controllers.(*AuthController).Register-fm"}
{"level":"info","time":"2025-05-31T01:23:19.745+0800","caller":"api/main.go:105","msg":"Registered Route","Method":"POST","Path":"/auth/register","Handler":"modules/internal/controllers.(*AuthController).Register-fm"}
{"level":"info","ts":1748625799.7464063,"caller":"api/main.go:105","msg":"Registered Route","Method":"POST","Path":"/auth/login","Handler":"modules/internal/controllers.(*AuthController).UserLogin-fm"}
{"level":"info","time":"2025-05-31T01:23:19.746+0800","caller":"api/main.go:105","msg":"Registered Route","Method":"POST","Path":"/auth/login","Handler":"modules/internal/controllers.(*AuthController).UserLogin-fm"}
{"level":"info","ts":1748625799.7464063,"caller":"api/main.go:105","msg":"Registered Route","Method":"POST","Path":"/admin/login","Handler":"modules/internal/controllers.(*AdminController).AdminLogin-fm"}
{"level":"info","time":"2025-05-31T01:23:19.746+0800","caller":"api/main.go:105","msg":"Registered Route","Method":"POST","Path":"/admin/login","Handler":"modules/internal/controllers.(*AdminController).AdminLogin-fm"}
{"level":"info","ts":1748625799.7464063,"caller":"api/main.go:105","msg":"Registered Route","Method":"POST","Path":"/parking/entry","Handler":"modules/internal/controllers.(*ParkingController).Entry-fm"}
{"level":"info","time":"2025-05-31T01:23:19.746+0800","caller":"api/main.go:105","msg":"Registered Route","Method":"POST","Path":"/parking/entry","Handler":"modules/internal/controllers.(*ParkingController).Entry-fm"}
{"level":"info","ts":1748625799.7469194,"caller":"api/main.go:105","msg":"Registered Route","Method":"POST","Path":"/parking/exit/:id","Handler":"modules/internal/controllers.(*ParkingController).Exit-fm"}
{"level":"info","time":"2025-05-31T01:23:19.746+0800","caller":"api/main.go:105","msg":"Registered Route","Method":"POST","Path":"/parking/exit/:id","Handler":"modules/internal/controllers.(*ParkingController).Exit-fm"}
{"level":"info","ts":1748625799.7469194,"caller":"api/main.go:105","msg":"Registered Route","Method":"POST","Path":"/parking/rent","Handler":"modules/internal/controllers.(*VehicleController).PublishForRent-fm"}
{"level":"info","time":"2025-05-31T01:23:19.746+0800","caller":"api/main.go:105","msg":"Registered Route","Method":"POST","Path":"/parking/rent","Handler":"modules/internal/controllers.(*VehicleController).PublishForRent-fm"}
{"level":"info","ts":1748625799.7469194,"caller":"api/main.go:105","msg":"Registered Route","Method":"POST","Path":"/owner/purchase","Handler":"modules/internal/controllers.(*OwnerController).PurchaseSpot-fm"}
{"level":"info","time":"2025-05-31T01:23:19.746+0800","caller":"api/main.go:105","msg":"Registered Route","Method":"POST","Path":"/owner/purchase","Handler":"modules/internal/controllers.(*OwnerController).PurchaseSpot-fm"}
{"level":"info","ts":1748625799.7469194,"caller":"api/main.go:105","msg":"Registered Route","Method":"POST","Path":"/owner/spots","Handler":"modules/internal/controllers.(*ParkingController).CreateSpot-fm"}
{"level":"info","time":"2025-05-31T01:23:19.746+0800","caller":"api/main.go:105","msg":"Registered Route","Method":"POST","Path":"/owner/spots","Handler":"modules/internal/controllers.(*ParkingController).CreateSpot-fm"}
{"level":"info","ts":1748625799.747433,"caller":"api/main.go:105","msg":"Registered Route","Method":"POST","Path":"/vehicles","Handler":"modules/internal/controllers.(*VehicleController).BindVehicle-fm"}
{"level":"info","time":"2025-05-31T01:23:19.747+0800","caller":"api/main.go:105","msg":"Registered Route","Method":"POST","Path":"/vehicles","Handler":"modules/internal/controllers.(*VehicleController).BindVehicle-fm"}
{"level":"info","ts":1748625799.747433,"caller":"api/main.go:105","msg":"Registered Route","Method":"POST","Path":"/lease","Handler":"modules/internal/controllers.(*LeaseController).CreateLease-fm"}
{"level":"info","time":"2025-05-31T01:23:19.747+0800","caller":"api/main.go:105","msg":"Registered Route","Method":"POST","Path":"/lease","Handler":"modules/internal/controllers.(*LeaseController).CreateLease-fm"}
{"level":"info","ts":1748625799.747433,"caller":"api/main.go:122","msg":"服务将启动在端口","port":"8080"}
{"level":"info","time":"2025-05-31T01:23:19.747+0800","caller":"api/main.go:122","msg":"服务将启动在端口","port":"8080"}
{"level":"info","ts":1748625900.4870582,"caller":"api/main.go:105","msg":"Registered Route","Method":"GET","Path":"/parking/my-spots","Handler":"modules/internal/controllers.(*ParkingController).GetUserSpots-fm"}
{"level":"info","time":"2025-05-31T01:25:00.487+0800","caller":"api/main.go:105","msg":"Registered Route","Method":"GET","Path":"/parking/my-spots","Handler":"modules/internal/controllers.(*ParkingController).GetUserSpots-fm"}
{"level":"info","ts":1748625900.4875755,"caller":"api/main.go:105","msg":"Registered Route","Method":"GET","Path":"/parking/spots","Handler":"modules/internal/controllers.(*ParkingController).ListSpots-fm"}
{"level":"info","time":"2025-05-31T01:25:00.487+0800","caller":"api/main.go:105","msg":"Registered Route","Method":"GET","Path":"/parking/spots","Handler":"modules/internal/controllers.(*ParkingController).ListSpots-fm"}
{"level":"info","ts":1748625900.4875755,"caller":"api/main.go:105","msg":"Registered Route","Method":"GET","Path":"/swagger/*any","Handler":"github.com/swaggo/gin-swagger.CustomWrapHandler.func1"}
{"level":"info","time":"2025-05-31T01:25:00.487+0800","caller":"api/main.go:105","msg":"Registered Route","Method":"GET","Path":"/swagger/*any","Handler":"github.com/swaggo/gin-swagger.CustomWrapHandler.func1"}
{"level":"info","ts":1748625900.4875755,"caller":"api/main.go:105","msg":"Registered Route","Method":"GET","Path":"/reports/daily","Handler":"modules/internal/controllers.(*ReportController).GetDailyReport-fm"}
{"level":"info","time":"2025-05-31T01:25:00.487+0800","caller":"api/main.go:105","msg":"Registered Route","Method":"GET","Path":"/reports/daily","Handler":"modules/internal/controllers.(*ReportController).GetDailyReport-fm"}
{"level":"info","ts":1748625900.4880934,"caller":"api/main.go:105","msg":"Registered Route","Method":"POST","Path":"/auth/register","Handler":"modules/internal/controllers.(*AuthController).Register-fm"}
{"level":"info","time":"2025-05-31T01:25:00.488+0800","caller":"api/main.go:105","msg":"Registered Route","Method":"POST","Path":"/auth/register","Handler":"modules/internal/controllers.(*AuthController).Register-fm"}
{"level":"info","ts":1748625900.4880934,"caller":"api/main.go:105","msg":"Registered Route","Method":"POST","Path":"/auth/login","Handler":"modules/internal/controllers.(*AuthController).UserLogin-fm"}
{"level":"info","time":"2025-05-31T01:25:00.488+0800","caller":"api/main.go:105","msg":"Registered Route","Method":"POST","Path":"/auth/login","Handler":"modules/internal/controllers.(*AuthController).UserLogin-fm"}
{"level":"info","ts":1748625900.4880934,"caller":"api/main.go:105","msg":"Registered Route","Method":"POST","Path":"/admin/login","Handler":"modules/internal/controllers.(*AdminController).AdminLogin-fm"}
{"level":"info","time":"2025-05-31T01:25:00.488+0800","caller":"api/main.go:105","msg":"Registered Route","Method":"POST","Path":"/admin/login","Handler":"modules/internal/controllers.(*AdminController).AdminLogin-fm"}
{"level":"info","ts":1748625900.4880934,"caller":"api/main.go:105","msg":"Registered Route","Method":"POST","Path":"/parking/entry","Handler":"modules/internal/controllers.(*ParkingController).Entry-fm"}
{"level":"info","time":"2025-05-31T01:25:00.488+0800","caller":"api/main.go:105","msg":"Registered Route","Method":"POST","Path":"/parking/entry","Handler":"modules/internal/controllers.(*ParkingController).Entry-fm"}
{"level":"info","ts":1748625900.4886112,"caller":"api/main.go:105","msg":"Registered Route","Method":"POST","Path":"/parking/exit/:id","Handler":"modules/internal/controllers.(*ParkingController).Exit-fm"}
{"level":"info","time":"2025-05-31T01:25:00.488+0800","caller":"api/main.go:105","msg":"Registered Route","Method":"POST","Path":"/parking/exit/:id","Handler":"modules/internal/controllers.(*ParkingController).Exit-fm"}
{"level":"info","ts":1748625900.4886112,"caller":"api/main.go:105","msg":"Registered Route","Method":"POST","Path":"/parking/rent","Handler":"modules/internal/controllers.(*VehicleController).PublishForRent-fm"}
{"level":"info","time":"2025-05-31T01:25:00.488+0800","caller":"api/main.go:105","msg":"Registered Route","Method":"POST","Path":"/parking/rent","Handler":"modules/internal/controllers.(*VehicleController).PublishForRent-fm"}
{"level":"info","ts":1748625900.4886112,"caller":"api/main.go:105","msg":"Registered Route","Method":"POST","Path":"/owner/purchase","Handler":"modules/internal/controllers.(*OwnerController).PurchaseSpot-fm"}
{"level":"info","time":"2025-05-31T01:25:00.488+0800","caller":"api/main.go:105","msg":"Registered Route","Method":"POST","Path":"/owner/purchase","Handler":"modules/internal/controllers.(*OwnerController).PurchaseSpot-fm"}
{"level":"info","ts":1748625900.4886112,"caller":"api/main.go:105","msg":"Registered Route","Method":"POST","Path":"/owner/spots","Handler":"modules/internal/controllers.(*ParkingController).CreateSpot-fm"}
{"level":"info","time":"2025-05-31T01:25:00.488+0800","caller":"api/main.go:105","msg":"Registered Route","Method":"POST","Path":"/owner/spots","Handler":"modules/internal/controllers.(*ParkingController).CreateSpot-fm"}
{"level":"info","ts":1748625900.4891274,"caller":"api/main.go:105","msg":"Registered Route","Method":"POST","Path":"/vehicles","Handler":"modules/internal/controllers.(*VehicleController).BindVehicle-fm"}
{"level":"info","time":"2025-05-31T01:25:00.489+0800","caller":"api/main.go:105","msg":"Registered Route","Method":"POST","Path":"/vehicles","Handler":"modules/internal/controllers.(*VehicleController).BindVehicle-fm"}
{"level":"info","ts":1748625900.4891274,"caller":"api/main.go:105","msg":"Registered Route","Method":"POST","Path":"/lease","Handler":"modules/internal/controllers.(*LeaseController).CreateLease-fm"}
{"level":"info","time":"2025-05-31T01:25:00.489+0800","caller":"api/main.go:105","msg":"Registered Route","Method":"POST","Path":"/lease","Handler":"modules/internal/controllers.(*LeaseController).CreateLease-fm"}
{"level":"info","ts":1748625900.4891274,"caller":"api/main.go:122","msg":"服务将启动在端口","port":"8080"}
{"level":"info","time":"2025-05-31T01:25:00.489+0800","caller":"api/main.go:122","msg":"服务将启动在端口","port":"8080"}
{"level":"info","ts":1748626355.6937873,"caller":"api/main.go:105","msg":"Registered Route","Method":"GET","Path":"/parking/my-spots","Handler":"modules/internal/controllers.(*ParkingController).GetUserSpots-fm"}
{"level":"info","time":"2025-05-31T01:32:35.693+0800","caller":"api/main.go:105","msg":"Registered Route","Method":"GET","Path":"/parking/my-spots","Handler":"modules/internal/controllers.(*ParkingController).GetUserSpots-fm"}
{"level":"info","ts":1748626355.6943064,"caller":"api/main.go:105","msg":"Registered Route","Method":"GET","Path":"/parking/spots","Handler":"modules/internal/controllers.(*ParkingController).ListSpots-fm"}
{"level":"info","time":"2025-05-31T01:32:35.694+0800","caller":"api/main.go:105","msg":"Registered Route","Method":"GET","Path":"/parking/spots","Handler":"modules/internal/controllers.(*ParkingController).ListSpots-fm"}
{"level":"info","ts":1748626355.6943064,"caller":"api/main.go:105","msg":"Registered Route","Method":"GET","Path":"/swagger/*any","Handler":"github.com/swaggo/gin-swagger.CustomWrapHandler.func1"}
{"level":"info","time":"2025-05-31T01:32:35.694+0800","caller":"api/main.go:105","msg":"Registered Route","Method":"GET","Path":"/swagger/*any","Handler":"github.com/swaggo/gin-swagger.CustomWrapHandler.func1"}
{"level":"info","ts":1748626355.6949446,"caller":"api/main.go:105","msg":"Registered Route","Method":"GET","Path":"/reports/daily","Handler":"modules/internal/controllers.(*ReportController).GetDailyReport-fm"}
{"level":"info","time":"2025-05-31T01:32:35.694+0800","caller":"api/main.go:105","msg":"Registered Route","Method":"GET","Path":"/reports/daily","Handler":"modules/internal/controllers.(*ReportController).GetDailyReport-fm"}
{"level":"info","ts":1748626355.6949446,"caller":"api/main.go:105","msg":"Registered Route","Method":"POST","Path":"/auth/register","Handler":"modules/internal/controllers.(*AuthController).Register-fm"}
{"level":"info","time":"2025-05-31T01:32:35.694+0800","caller":"api/main.go:105","msg":"Registered Route","Method":"POST","Path":"/auth/register","Handler":"modules/internal/controllers.(*AuthController).Register-fm"}
{"level":"info","ts":1748626355.69545,"caller":"api/main.go:105","msg":"Registered Route","Method":"POST","Path":"/auth/login","Handler":"modules/internal/controllers.(*AuthController).UserLogin-fm"}
{"level":"info","time":"2025-05-31T01:32:35.695+0800","caller":"api/main.go:105","msg":"Registered Route","Method":"POST","Path":"/auth/login","Handler":"modules/internal/controllers.(*AuthController).UserLogin-fm"}
{"level":"info","ts":1748626355.69545,"caller":"api/main.go:105","msg":"Registered Route","Method":"POST","Path":"/admin/login","Handler":"modules/internal/controllers.(*AdminController).AdminLogin-fm"}
{"level":"info","time":"2025-05-31T01:32:35.695+0800","caller":"api/main.go:105","msg":"Registered Route","Method":"POST","Path":"/admin/login","Handler":"modules/internal/controllers.(*AdminController).AdminLogin-fm"}
{"level":"info","ts":1748626355.6959734,"caller":"api/main.go:105","msg":"Registered Route","Method":"POST","Path":"/parking/entry","Handler":"modules/internal/controllers.(*ParkingController).Entry-fm"}
{"level":"info","time":"2025-05-31T01:32:35.695+0800","caller":"api/main.go:105","msg":"Registered Route","Method":"POST","Path":"/parking/entry","Handler":"modules/internal/controllers.(*ParkingController).Entry-fm"}
{"level":"info","ts":1748626355.6959734,"caller":"api/main.go:105","msg":"Registered Route","Method":"POST","Path":"/parking/exit/:id","Handler":"modules/internal/controllers.(*ParkingController).Exit-fm"}
{"level":"info","time":"2025-05-31T01:32:35.695+0800","caller":"api/main.go:105","msg":"Registered Route","Method":"POST","Path":"/parking/exit/:id","Handler":"modules/internal/controllers.(*ParkingController).Exit-fm"}
{"level":"info","ts":1748626355.6964955,"caller":"api/main.go:105","msg":"Registered Route","Method":"POST","Path":"/parking/rent","Handler":"modules/internal/controllers.(*VehicleController).PublishForRent-fm"}
{"level":"info","time":"2025-05-31T01:32:35.696+0800","caller":"api/main.go:105","msg":"Registered Route","Method":"POST","Path":"/parking/rent","Handler":"modules/internal/controllers.(*VehicleController).PublishForRent-fm"}
{"level":"info","ts":1748626355.6964955,"caller":"api/main.go:105","msg":"Registered Route","Method":"POST","Path":"/owner/purchase","Handler":"modules/internal/controllers.(*OwnerController).PurchaseSpot-fm"}
{"level":"info","time":"2025-05-31T01:32:35.696+0800","caller":"api/main.go:105","msg":"Registered Route","Method":"POST","Path":"/owner/purchase","Handler":"modules/internal/controllers.(*OwnerController).PurchaseSpot-fm"}
{"level":"info","ts":1748626355.6964955,"caller":"api/main.go:105","msg":"Registered Route","Method":"POST","Path":"/owner/spots","Handler":"modules/internal/controllers.(*ParkingController).CreateSpot-fm"}
{"level":"info","time":"2025-05-31T01:32:35.696+0800","caller":"api/main.go:105","msg":"Registered Route","Method":"POST","Path":"/owner/spots","Handler":"modules/internal/controllers.(*ParkingController).CreateSpot-fm"}
{"level":"info","ts":1748626355.697013,"caller":"api/main.go:105","msg":"Registered Route","Method":"POST","Path":"/vehicles","Handler":"modules/internal/controllers.(*VehicleController).BindVehicle-fm"}
{"level":"info","time":"2025-05-31T01:32:35.697+0800","caller":"api/main.go:105","msg":"Registered Route","Method":"POST","Path":"/vehicles","Handler":"modules/internal/controllers.(*VehicleController).BindVehicle-fm"}
{"level":"info","ts":1748626355.697013,"caller":"api/main.go:105","msg":"Registered Route","Method":"POST","Path":"/lease","Handler":"modules/internal/controllers.(*LeaseController).CreateLease-fm"}
{"level":"info","time":"2025-05-31T01:32:35.697+0800","caller":"api/main.go:105","msg":"Registered Route","Method":"POST","Path":"/lease","Handler":"modules/internal/controllers.(*LeaseController).CreateLease-fm"}
{"level":"info","ts":1748626355.697013,"caller":"api/main.go:122","msg":"服务将启动在端口","port":"8080"}
{"level":"info","time":"2025-05-31T01:32:35.697+0800","caller":"api/main.go:122","msg":"服务将启动在端口","port":"8080"}
{"level":"info","ts":1748626540.5265656,"caller":"api/main.go:105","msg":"Registered Route","Method":"GET","Path":"/parking/my-spots","Handler":"modules/internal/controllers.(*ParkingController).GetUserSpots-fm"}
{"level":"info","time":"2025-05-31T01:35:40.526+0800","caller":"api/main.go:105","msg":"Registered Route","Method":"GET","Path":"/parking/my-spots","Handler":"modules/internal/controllers.(*ParkingController).GetUserSpots-fm"}
{"level":"info","ts":1748626540.5270822,"caller":"api/main.go:105","msg":"Registered Route","Method":"GET","Path":"/parking/spots","Handler":"modules/internal/controllers.(*ParkingController).ListSpots-fm"}
{"level":"info","time":"2025-05-31T01:35:40.527+0800","caller":"api/main.go:105","msg":"Registered Route","Method":"GET","Path":"/parking/spots","Handler":"modules/internal/controllers.(*ParkingController).ListSpots-fm"}
{"level":"info","ts":1748626540.5270822,"caller":"api/main.go:105","msg":"Registered Route","Method":"GET","Path":"/swagger/*any","Handler":"github.com/swaggo/gin-swagger.CustomWrapHandler.func1"}
{"level":"info","time":"2025-05-31T01:35:40.527+0800","caller":"api/main.go:105","msg":"Registered Route","Method":"GET","Path":"/swagger/*any","Handler":"github.com/swaggo/gin-swagger.CustomWrapHandler.func1"}
{"level":"info","ts":1748626540.527594,"caller":"api/main.go:105","msg":"Registered Route","Method":"GET","Path":"/reports/daily","Handler":"modules/internal/controllers.(*ReportController).GetDailyReport-fm"}
{"level":"info","time":"2025-05-31T01:35:40.527+0800","caller":"api/main.go:105","msg":"Registered Route","Method":"GET","Path":"/reports/daily","Handler":"modules/internal/controllers.(*ReportController).GetDailyReport-fm"}
{"level":"info","ts":1748626540.527594,"caller":"api/main.go:105","msg":"Registered Route","Method":"POST","Path":"/auth/register","Handler":"modules/internal/controllers.(*AuthController).Register-fm"}
{"level":"info","time":"2025-05-31T01:35:40.527+0800","caller":"api/main.go:105","msg":"Registered Route","Method":"POST","Path":"/auth/register","Handler":"modules/internal/controllers.(*AuthController).Register-fm"}
{"level":"info","ts":1748626540.527594,"caller":"api/main.go:105","msg":"Registered Route","Method":"POST","Path":"/auth/login","Handler":"modules/internal/controllers.(*AuthController).UserLogin-fm"}
{"level":"info","time":"2025-05-31T01:35:40.527+0800","caller":"api/main.go:105","msg":"Registered Route","Method":"POST","Path":"/auth/login","Handler":"modules/internal/controllers.(*AuthController).UserLogin-fm"}
{"level":"info","ts":1748626540.527594,"caller":"api/main.go:105","msg":"Registered Route","Method":"POST","Path":"/admin/login","Handler":"modules/internal/controllers.(*AdminController).AdminLogin-fm"}
{"level":"info","time":"2025-05-31T01:35:40.527+0800","caller":"api/main.go:105","msg":"Registered Route","Method":"POST","Path":"/admin/login","Handler":"modules/internal/controllers.(*AdminController).AdminLogin-fm"}
{"level":"info","ts":1748626540.5281105,"caller":"api/main.go:105","msg":"Registered Route","Method":"POST","Path":"/parking/entry","Handler":"modules/internal/controllers.(*ParkingController).Entry-fm"}
{"level":"info","time":"2025-05-31T01:35:40.528+0800","caller":"api/main.go:105","msg":"Registered Route","Method":"POST","Path":"/parking/entry","Handler":"modules/internal/controllers.(*ParkingController).Entry-fm"}
{"level":"info","ts":1748626540.5281105,"caller":"api/main.go:105","msg":"Registered Route","Method":"POST","Path":"/parking/exit/:id","Handler":"modules/internal/controllers.(*ParkingController).Exit-fm"}
{"level":"info","time":"2025-05-31T01:35:40.528+0800","caller":"api/main.go:105","msg":"Registered Route","Method":"POST","Path":"/parking/exit/:id","Handler":"modules/internal/controllers.(*ParkingController).Exit-fm"}
{"level":"info","ts":1748626540.5281105,"caller":"api/main.go:105","msg":"Registered Route","Method":"POST","Path":"/parking/rent","Handler":"modules/internal/controllers.(*VehicleController).PublishForRent-fm"}
{"level":"info","time":"2025-05-31T01:35:40.528+0800","caller":"api/main.go:105","msg":"Registered Route","Method":"POST","Path":"/parking/rent","Handler":"modules/internal/controllers.(*VehicleController).PublishForRent-fm"}
{"level":"info","ts":1748626540.5281105,"caller":"api/main.go:105","msg":"Registered Route","Method":"POST","Path":"/owner/purchase","Handler":"modules/internal/controllers.(*OwnerController).PurchaseSpot-fm"}
{"level":"info","time":"2025-05-31T01:35:40.528+0800","caller":"api/main.go:105","msg":"Registered Route","Method":"POST","Path":"/owner/purchase","Handler":"modules/internal/controllers.(*OwnerController).PurchaseSpot-fm"}
{"level":"info","ts":1748626540.5286233,"caller":"api/main.go:105","msg":"Registered Route","Method":"POST","Path":"/owner/spots","Handler":"modules/internal/controllers.(*ParkingController).CreateSpot-fm"}
{"level":"info","time":"2025-05-31T01:35:40.528+0800","caller":"api/main.go:105","msg":"Registered Route","Method":"POST","Path":"/owner/spots","Handler":"modules/internal/controllers.(*ParkingController).CreateSpot-fm"}
{"level":"info","ts":1748626540.5286233,"caller":"api/main.go:105","msg":"Registered Route","Method":"POST","Path":"/vehicles","Handler":"modules/internal/controllers.(*VehicleController).BindVehicle-fm"}
{"level":"info","time":"2025-05-31T01:35:40.528+0800","caller":"api/main.go:105","msg":"Registered Route","Method":"POST","Path":"/vehicles","Handler":"modules/internal/controllers.(*VehicleController).BindVehicle-fm"}
{"level":"info","ts":1748626540.5286233,"caller":"api/main.go:105","msg":"Registered Route","Method":"POST","Path":"/lease","Handler":"modules/internal/controllers.(*LeaseController).CreateLease-fm"}
{"level":"info","time":"2025-05-31T01:35:40.528+0800","caller":"api/main.go:105","msg":"Registered Route","Method":"POST","Path":"/lease","Handler":"modules/internal/controllers.(*LeaseController).CreateLease-fm"}
{"level":"info","ts":1748626540.5286233,"caller":"api/main.go:122","msg":"服务将启动在端口","port":"8080"}
{"level":"info","time":"2025-05-31T01:35:40.528+0800","caller":"api/main.go:122","msg":"服务将启动在端口","port":"8080"}
{"level":"info","ts":1748665677.4716594,"caller":"api/main.go:105","msg":"Registered Route","Method":"GET","Path":"/parking/my-spots","Handler":"modules/internal/controllers.(*ParkingController).GetUserSpots-fm"}
{"level":"info","time":"2025-05-31T12:27:57.471+0800","caller":"api/main.go:105","msg":"Registered Route","Method":"GET","Path":"/parking/my-spots","Handler":"modules/internal/controllers.(*ParkingController).GetUserSpots-fm"}
{"level":"info","ts":1748665677.4721746,"caller":"api/main.go:105","msg":"Registered Route","Method":"GET","Path":"/parking/spots","Handler":"modules/internal/controllers.(*ParkingController).ListSpots-fm"}
{"level":"info","time":"2025-05-31T12:27:57.472+0800","caller":"api/main.go:105","msg":"Registered Route","Method":"GET","Path":"/parking/spots","Handler":"modules/internal/controllers.(*ParkingController).ListSpots-fm"}
{"level":"info","ts":1748665677.4721746,"caller":"api/main.go:105","msg":"Registered Route","Method":"GET","Path":"/swagger/*any","Handler":"github.com/swaggo/gin-swagger.CustomWrapHandler.func1"}
{"level":"info","time":"2025-05-31T12:27:57.472+0800","caller":"api/main.go:105","msg":"Registered Route","Method":"GET","Path":"/swagger/*any","Handler":"github.com/swaggo/gin-swagger.CustomWrapHandler.func1"}
{"level":"info","ts":1748665677.4721746,"caller":"api/main.go:105","msg":"Registered Route","Method":"GET","Path":"/reports/daily","Handler":"modules/internal/controllers.(*ReportController).GetDailyReport-fm"}
{"level":"info","time":"2025-05-31T12:27:57.472+0800","caller":"api/main.go:105","msg":"Registered Route","Method":"GET","Path":"/reports/daily","Handler":"modules/internal/controllers.(*ReportController).GetDailyReport-fm"}
{"level":"info","ts":1748665677.4727108,"caller":"api/main.go:105","msg":"Registered Route","Method":"POST","Path":"/auth/register","Handler":"modules/internal/controllers.(*AuthController).Register-fm"}
{"level":"info","time":"2025-05-31T12:27:57.472+0800","caller":"api/main.go:105","msg":"Registered Route","Method":"POST","Path":"/auth/register","Handler":"modules/internal/controllers.(*AuthController).Register-fm"}
{"level":"info","ts":1748665677.473243,"caller":"api/main.go:105","msg":"Registered Route","Method":"POST","Path":"/auth/login","Handler":"modules/internal/controllers.(*AuthController).UserLogin-fm"}
{"level":"info","time":"2025-05-31T12:27:57.473+0800","caller":"api/main.go:105","msg":"Registered Route","Method":"POST","Path":"/auth/login","Handler":"modules/internal/controllers.(*AuthController).UserLogin-fm"}
{"level":"info","ts":1748665677.473243,"caller":"api/main.go:105","msg":"Registered Route","Method":"POST","Path":"/admin/login","Handler":"modules/internal/controllers.(*AdminController).AdminLogin-fm"}
{"level":"info","time":"2025-05-31T12:27:57.473+0800","caller":"api/main.go:105","msg":"Registered Route","Method":"POST","Path":"/admin/login","Handler":"modules/internal/controllers.(*AdminController).AdminLogin-fm"}
{"level":"info","ts":1748665677.473243,"caller":"api/main.go:105","msg":"Registered Route","Method":"POST","Path":"/parking/entry","Handler":"modules/internal/controllers.(*ParkingController).Entry-fm"}
{"level":"info","time":"2025-05-31T12:27:57.473+0800","caller":"api/main.go:105","msg":"Registered Route","Method":"POST","Path":"/parking/entry","Handler":"modules/internal/controllers.(*ParkingController).Entry-fm"}
{"level":"info","ts":1748665677.473243,"caller":"api/main.go:105","msg":"Registered Route","Method":"POST","Path":"/parking/exit/:id","Handler":"modules/internal/controllers.(*ParkingController).Exit-fm"}
{"level":"info","time":"2025-05-31T12:27:57.473+0800","caller":"api/main.go:105","msg":"Registered Route","Method":"POST","Path":"/parking/exit/:id","Handler":"modules/internal/controllers.(*ParkingController).Exit-fm"}
{"level":"info","ts":1748665677.4737773,"caller":"api/main.go:105","msg":"Registered Route","Method":"POST","Path":"/parking/rent","Handler":"modules/internal/controllers.(*VehicleController).PublishForRent-fm"}
{"level":"info","time":"2025-05-31T12:27:57.473+0800","caller":"api/main.go:105","msg":"Registered Route","Method":"POST","Path":"/parking/rent","Handler":"modules/internal/controllers.(*VehicleController).PublishForRent-fm"}
{"level":"info","ts":1748665677.4737773,"caller":"api/main.go:105","msg":"Registered Route","Method":"POST","Path":"/owner/purchase","Handler":"modules/internal/controllers.(*OwnerController).PurchaseSpot-fm"}
{"level":"info","time":"2025-05-31T12:27:57.473+0800","caller":"api/main.go:105","msg":"Registered Route","Method":"POST","Path":"/owner/purchase","Handler":"modules/internal/controllers.(*OwnerController).PurchaseSpot-fm"}
{"level":"info","ts":1748665677.4737773,"caller":"api/main.go:105","msg":"Registered Route","Method":"POST","Path":"/owner/spots","Handler":"modules/internal/controllers.(*ParkingController).CreateSpot-fm"}
{"level":"info","time":"2025-05-31T12:27:57.473+0800","caller":"api/main.go:105","msg":"Registered Route","Method":"POST","Path":"/owner/spots","Handler":"modules/internal/controllers.(*ParkingController).CreateSpot-fm"}
{"level":"info","ts":1748665677.4779997,"caller":"api/main.go:105","msg":"Registered Route","Method":"POST","Path":"/vehicles","Handler":"modules/internal/controllers.(*VehicleController).BindVehicle-fm"}
{"level":"info","time":"2025-05-31T12:27:57.477+0800","caller":"api/main.go:105","msg":"Registered Route","Method":"POST","Path":"/vehicles","Handler":"modules/internal/controllers.(*VehicleController).BindVehicle-fm"}
{"level":"info","ts":1748665677.4779997,"caller":"api/main.go:105","msg":"Registered Route","Method":"POST","Path":"/lease","Handler":"modules/internal/controllers.(*LeaseController).CreateLease-fm"}
{"level":"info","time":"2025-05-31T12:27:57.477+0800","caller":"api/main.go:105","msg":"Registered Route","Method":"POST","Path":"/lease","Handler":"modules/internal/controllers.(*LeaseController).CreateLease-fm"}
{"level":"info","ts":1748665677.4786093,"caller":"api/main.go:122","msg":"服务将启动在端口","port":"8080"}
{"level":"info","time":"2025-05-31T12:27:57.478+0800","caller":"api/main.go:122","msg":"服务将启动在端口","port":"8080"}
